<?xml version="1.0" encoding="UTF-8"?>
<!-- Generated by org.testng.reporters.JUnitXMLReporter -->
<testsuite ignored="0" hostname="DESKTOP-Q6P75S7" failures="0" tests="4" name="Default test" time="19.746" errors="0" timestamp="2023-02-27T23:38:37 EST">
  <testcase classname="com.facebookLoginTest.LoginTest" name="validLoginTest1" time="5.93"/>
  <testcase classname="com.facebookLoginTest.LoginTest" name="validLoginTest2" time="8.269"/>
  <testcase classname="com.facebookLoginTest.LoginTest" name="validLoginTest3" time="0.002"/>
  <testcase classname="com.facebookLoginTest.LoginTest" name="validLoginTest4" time="0.008"/>
</testsuite> <!-- Default test -->
